I20260406 10:19:28.809344  9264 incremental_pipeline.cc:265] Loading database
I20260406 10:19:28.810937  9264 database_cache.cc:72] Loading rigs...
I20260406 10:19:28.811058  9264 database_cache.cc:82]  1 in 0.000s
I20260406 10:19:28.811090  9264 database_cache.cc:90] Loading cameras...
I20260406 10:19:28.811141  9264 database_cache.cc:108]  1 in 0.000s
I20260406 10:19:28.811168  9264 database_cache.cc:116] Loading frames...
I20260406 10:19:28.811256  9264 database_cache.cc:126]  5 in 0.000s
I20260406 10:19:28.811284  9264 database_cache.cc:134] Loading matches...
I20260406 10:19:28.811357  9264 database_cache.cc:139]  10 in 0.000s
I20260406 10:19:28.811386  9264 database_cache.cc:147] Loading images...
I20260406 10:19:28.811909  9264 database_cache.cc:241]  5 in 0.001s (connected 5, loaded 5)
I20260406 10:19:28.811945  9264 database_cache.cc:255] Loading pose priors...
I20260406 10:19:28.811981  9264 database_cache.cc:263]  0 in 0.000s
I20260406 10:19:28.812005  9264 database_cache.cc:271] Building correspondence graph...
I20260406 10:19:28.812246  9264 database_cache.cc:300]  in 0.000s (ignored 0)
I20260406 10:19:28.812273  9264 timer.cc:90] Elapsed time: 0.000 [minutes]
I20260406 10:19:28.813880  9264 incremental_pipeline.cc:377] Finding good initial image pair
I20260406 10:19:28.815497  9264 incremental_pipeline.cc:381] => No good initial image pair found.
I20260406 10:19:28.815662  9264 incremental_pipeline.cc:684] Discarding reconstruction due to no initial pair
I20260406 10:19:28.815846  9264 incremental_pipeline.cc:341] => Relaxing the initialization constraints.
I20260406 10:19:28.816738  9264 incremental_pipeline.cc:377] Finding good initial image pair
I20260406 10:19:28.818403  9264 incremental_pipeline.cc:381] => No good initial image pair found.
I20260406 10:19:28.818483  9264 incremental_pipeline.cc:684] Discarding reconstruction due to no initial pair
I20260406 10:19:28.818571  9264 incremental_pipeline.cc:354] => Relaxing the initialization constraints.
I20260406 10:19:28.818726  9264 incremental_pipeline.cc:377] Finding good initial image pair
I20260406 10:19:28.820029  9264 incremental_pipeline.cc:381] => No good initial image pair found.
I20260406 10:19:28.820097  9264 incremental_pipeline.cc:684] Discarding reconstruction due to no initial pair
I20260406 10:19:28.820190  9264 incremental_pipeline.cc:341] => Relaxing the initialization constraints.
I20260406 10:19:28.820336  9264 incremental_pipeline.cc:377] Finding good initial image pair
I20260406 10:19:28.875749  9264 incremental_pipeline.cc:381] => No good initial image pair found.
I20260406 10:19:28.875808  9264 incremental_pipeline.cc:684] Discarding reconstruction due to no initial pair
I20260406 10:19:28.875863  9264 incremental_pipeline.cc:354] => Relaxing the initialization constraints.
I20260406 10:19:28.875984  9264 incremental_pipeline.cc:377] Finding good initial image pair
I20260406 10:19:28.924054  9264 incremental_pipeline.cc:381] => No good initial image pair found.
I20260406 10:19:28.924113  9264 incremental_pipeline.cc:684] Discarding reconstruction due to no initial pair
I20260406 10:19:28.924159  9264 timer.cc:90] Elapsed time: 0.002 [minutes]
E20260406 10:19:28.924195  9264 sfm.cc:279] Failed to create any sparse model
